<?xml version="1.0" encoding="UTF-8"?>
<!-- Generated by org.testng.reporters.JUnitXMLReporter -->
<testsuite ignored="0" hostname="SVBS5T663" failures="0" tests="3" name="Surefire test" time="10.626" errors="0" timestamp="2022-06-04T18:54:50 CST">
  <testcase classname="core.testScripts.TC02" name="visitFacebook" time="1.095"/>
  <testcase classname="core.testScripts.TC02" name="visitGoogle01" time="1.004"/>
  <testcase classname="core.testScripts.TC02" name="visitGoogle02" time="0.414"/>
</testsuite> <!-- Surefire test -->
