<?xml version="1.0" encoding="UTF-8"?>
<testng-results ignored="0" total="1" passed="1" failed="0" skipped="0">
  <reporter-output>
  </reporter-output>
  <suite started-at="2022-06-12T10:08:31 CST" name="Practice Suite" finished-at="2022-06-12T10:08:37 CST" duration-ms="5212">
    <groups>
    </groups>
    <test started-at="2022-06-12T10:08:31 CST" name="Test 01" finished-at="2022-06-12T10:08:37 CST" duration-ms="5212">
      <class name="core.testScripts.TC01">
        <test-method is-config="true" signature="initializeDriver()[pri:0, instance:core.testScripts.TC01@47d90b9e]" started-at="2022-06-12T10:08:31 CST" name="initializeDriver" finished-at="2022-06-12T10:08:35 CST" duration-ms="3475" status="PASS">
          <reporter-output>
          </reporter-output>
        </test-method> <!-- initializeDriver -->
        <test-method signature="openURL()[pri:0, instance:core.testScripts.TC01@47d90b9e]" started-at="2022-06-12T10:08:35 CST" name="openURL" description="Opening an specific URL and closing the driver" finished-at="2022-06-12T10:08:36 CST" duration-ms="1097" status="PASS">
          <reporter-output>
          </reporter-output>
        </test-method> <!-- openURL -->
        <test-method is-config="true" signature="quitDriver()[pri:0, instance:core.testScripts.TC01@47d90b9e]" started-at="2022-06-12T10:08:36 CST" name="quitDriver" finished-at="2022-06-12T10:08:37 CST" duration-ms="596" status="PASS">
          <reporter-output>
          </reporter-output>
        </test-method> <!-- quitDriver -->
      </class> <!-- core.testScripts.TC01 -->
    </test> <!-- Test 01 -->
  </suite> <!-- Practice Suite -->
</testng-results>
